{
  "stats": {
    "suites": 1,
    "tests": 1,
    "passes": 0,
    "pending": 0,
    "failures": 1,
    "start": "2023-03-20T18:51:56.258Z",
    "end": "2023-03-20T18:52:58.101Z",
    "duration": 61843,
    "testsRegistered": 1,
    "passPercent": 0,
    "pendingPercent": 0,
    "other": 0,
    "hasOther": false,
    "skipped": 0,
    "hasSkipped": false
  },
  "results": [
    {
      "uuid": "096da3fa-5118-43c3-8aeb-a6415fc5afa9",
      "title": "",
      "fullFile": "cypress/e2e/dowlondingFromDetailView.cy.ts",
      "file": "cypress/e2e/dowlondingFromDetailView.cy.ts",
      "beforeHooks": [],
      "afterHooks": [],
      "tests": [],
      "suites": [
        {
          "uuid": "052a7bfb-14e2-4288-b316-e2a2579c7434",
          "title": "Download link",
          "fullFile": "",
          "file": "",
          "beforeHooks": [],
          "afterHooks": [],
          "tests": [
            {
              "title": "Download from the detail view of the image ",
              "fullTitle": "Download link Download from the detail view of the image ",
              "timedOut": null,
              "duration": 61749,
              "state": "failed",
              "speed": null,
              "pass": false,
              "fail": true,
              "pending": false,
              "context": null,
              "code": "cy.contains('Download').click();\ncy.verifyDownload('img.jpg');",
              "err": {
                "message": "CypressError: Timed out after waiting `60000ms` for your remote page to load.\n\nYour page did not fire its `load` event within `60000ms`.\n\nYou can try increasing the `pageLoadTimeout` value in `cypress.config.ts` to wait longer.\n\nBrowsers will not fire the `load` event until all stylesheets and scripts are done downloading.\n\nWhen this `load` event occurs, Cypress will continue running commands.",
                "estack": "CypressError: Timed out after waiting `60000ms` for your remote page to load.\n\nYour page did not fire its `load` event within `60000ms`.\n\nYou can try increasing the `pageLoadTimeout` value in `cypress.config.ts` to wait longer.\n\nBrowsers will not fire the `load` event until all stylesheets and scripts are done downloading.\n\nWhen this `load` event occurs, Cypress will continue running commands.\n    at timedOutWaitingForPageLoad (http://localhost:4200/__cypress/runner/cypress_runner.js:137295:72)\n    at <unknown> (http://localhost:4200/__cypress/runner/cypress_runner.js:137593:16)\n    at tryCatcher (http://localhost:4200/__cypress/runner/cypress_runner.js:8914:23)\n    at <unknown> (http://localhost:4200/__cypress/runner/cypress_runner.js:4036:41)\n    at tryCatcher (http://localhost:4200/__cypress/runner/cypress_runner.js:8914:23)\n    at Promise._settlePromiseFromHandler (http://localhost:4200/__cypress/runner/cypress_runner.js:6849:31)\n    at Promise._settlePromise (http://localhost:4200/__cypress/runner/cypress_runner.js:6906:18)\n    at Promise._settlePromise0 (http://localhost:4200/__cypress/runner/cypress_runner.js:6951:10)\n    at Promise._settlePromises (http://localhost:4200/__cypress/runner/cypress_runner.js:7027:18)\n    at _drainQueueStep (http://localhost:4200/__cypress/runner/cypress_runner.js:3621:12)\n    at _drainQueue (http://localhost:4200/__cypress/runner/cypress_runner.js:3614:9)\n    at ../../node_modules/bluebird/js/release/async.js.Async._drainQueues (http://localhost:4200/__cypress/runner/cypress_runner.js:3630:5)\n    at Async.drainQueues (http://localhost:4200/__cypress/runner/cypress_runner.js:3500:14)\nFrom Your Spec Code:\n    at Context.eval (webpack:///./cypress/e2e/dowlondingFromDetailView.cy.ts:8:11)",
                "diff": null
              },
              "uuid": "1a34f81b-11e0-43f5-a66f-c481d9786db1",
              "parentUUID": "052a7bfb-14e2-4288-b316-e2a2579c7434",
              "isHook": false,
              "skipped": false
            }
          ],
          "suites": [],
          "passes": [],
          "failures": [
            "1a34f81b-11e0-43f5-a66f-c481d9786db1"
          ],
          "pending": [],
          "skipped": [],
          "duration": 61749,
          "root": false,
          "rootEmpty": false,
          "_timeout": 2000
        }
      ],
      "passes": [],
      "failures": [],
      "pending": [],
      "skipped": [],
      "duration": 0,
      "root": true,
      "rootEmpty": true,
      "_timeout": 2000
    }
  ],
  "meta": {
    "mocha": {
      "version": "7.0.1"
    },
    "mochawesome": {
      "options": {
        "quiet": false,
        "reportFilename": "mochawesome",
        "saveHtml": true,
        "saveJson": true,
        "consoleReporter": "spec",
        "useInlineDiffs": false,
        "code": true
      },
      "version": "7.1.3"
    },
    "marge": {
      "options": {
        "charts": true,
        "reportPageTitle": "custom-title",
        "embeddedScreenshots": true,
        "inlineAssets": true,
        "saveAllAttempts": false,
        "overwrite": false
      },
      "version": "6.2.0"
    }
  }
}